This is pdfTeX, Version 3.141592653-2.6-1.40.22 (TeX Live 2021) (preloaded format=pdflatex 2022.3.5)  25 MAY 2022 01:30
entering extended mode
 restricted \write18 enabled.
 file:line:error style messages enabled.
 %&-line parsing enabled.
**"/Users/janzaloznik/Desktop/Faks/magisterij/1.letnik/GEN-I/machine-learning-price-prediction-for-hourly-blocks/Dolgo poročilo/Dolgo_poročilo.tex"
(/Users/janzaloznik/Desktop/Faks/magisterij/1.letnik/GEN-I/machine-learning-price-prediction-for-hourly-blocks/Dolgo poročilo/Dolgo_poročilo.tex
LaTeX2e <2020-10-01> patch level 4
L3 programming layer <2021-02-18> (/usr/local/texlive/2021/texmf-dist/tex/latex/amscls/amsart.cls
Document Class: amsart 2020/05/29 v2.20.6
\linespacing=\dimen138
\normalparindent=\dimen139
\normaltopskip=\skip47
(/usr/local/texlive/2021/texmf-dist/tex/latex/amsmath/amsmath.sty
Package: amsmath 2020/09/23 v2.17i AMS math features
\@mathmargin=\skip48

For additional information on amsmath, use the `?' option.
(/usr/local/texlive/2021/texmf-dist/tex/latex/amsmath/amstext.sty
Package: amstext 2000/06/29 v2.01 AMS text
 (/usr/local/texlive/2021/texmf-dist/tex/latex/amsmath/amsgen.sty
File: amsgen.sty 1999/11/30 v2.0 generic functions
\@emptytoks=\toks15
\ex@=\dimen140
)) (/usr/local/texlive/2021/texmf-dist/tex/latex/amsmath/amsbsy.sty
Package: amsbsy 1999/11/29 v1.2d Bold Symbols
\pmbraise@=\dimen141
) (/usr/local/texlive/2021/texmf-dist/tex/latex/amsmath/amsopn.sty
Package: amsopn 2016/03/08 v2.02 operator names
)
\inf@bad=\count179
LaTeX Info: Redefining \frac on input line 234.
\uproot@=\count180
\leftroot@=\count181
LaTeX Info: Redefining \overline on input line 399.
\classnum@=\count182
\DOTSCASE@=\count183
LaTeX Info: Redefining \ldots on input line 496.
LaTeX Info: Redefining \dots on input line 499.
LaTeX Info: Redefining \cdots on input line 620.
\Mathstrutbox@=\box47
\strutbox@=\box48
\big@size=\dimen142
LaTeX Font Info:    Redeclaring font encoding OML on input line 743.
LaTeX Font Info:    Redeclaring font encoding OMS on input line 744.
\macc@depth=\count184
\c@MaxMatrixCols=\count185
\dotsspace@=\muskip16
\c@parentequation=\count186
\dspbrk@lvl=\count187
\tag@help=\toks16
\row@=\count188
\column@=\count189
\maxfields@=\count190
\andhelp@=\toks17
\eqnshift@=\dimen143
\alignsep@=\dimen144
\tagshift@=\dimen145
\tagwidth@=\dimen146
\totwidth@=\dimen147
\lineht@=\dimen148
\@envbody=\toks18
\multlinegap=\skip49
\multlinetaggap=\skip50
\mathdisplay@stack=\toks19
LaTeX Info: Redefining \[ on input line 2923.
LaTeX Info: Redefining \] on input line 2924.
)
LaTeX Font Info:    Trying to load font information for U+msa on input line 397.
 (/usr/local/texlive/2021/texmf-dist/tex/latex/amsfonts/umsa.fd
File: umsa.fd 2013/01/14 v3.01 AMS symbols A
) (/usr/local/texlive/2021/texmf-dist/tex/latex/amsfonts/amsfonts.sty
Package: amsfonts 2013/01/14 v3.01 Basic AMSFonts support
\symAMSa=\mathgroup4
\symAMSb=\mathgroup5
LaTeX Font Info:    Redeclaring math symbol \hbar on input line 98.
LaTeX Font Info:    Overwriting math alphabet `\mathfrak' in version `bold'
(Font)                  U/euf/m/n --> U/euf/b/n on input line 106.
)
\copyins=\insert199
\abstractbox=\box49
\listisep=\skip51
\c@part=\count191
\c@section=\count192
\c@subsection=\count193
\c@subsubsection=\count194
\c@paragraph=\count195
\c@subparagraph=\count196
\c@figure=\count197
\c@table=\count198
\abovecaptionskip=\skip52
\belowcaptionskip=\skip53
\captionindent=\dimen149
\thm@style=\toks20
\thm@bodyfont=\toks21
\thm@headfont=\toks22
\thm@notefont=\toks23
\thm@headpunct=\toks24
\thm@preskip=\skip54
\thm@postskip=\skip55
\thm@headsep=\skip56
\dth@everypar=\toks25
) (/usr/local/texlive/2021/texmf-dist/tex/generic/babel/babel.sty
Package: babel 2021/03/24 3.56 The Babel package
 (/usr/local/texlive/2021/texmf-dist/tex/generic/babel/babel.def
File: babel.def 2021/03/24 3.56 Babel common definitions
\babel@savecnt=\count266
\U@D=\dimen150
\l@babelnohyphens=\language87
 (/usr/local/texlive/2021/texmf-dist/tex/generic/babel/txtbabel.def)
\bbl@readstream=\read2
)
\bbl@dirlevel=\count267
 (/usr/local/texlive/2021/texmf-dist/tex/generic/babel-slovenian/slovene.ldf
Language: slovene 2021/02/06 v1.2n Slovene support from the babel system
Package babel Info: Making " an active character on input line 79.
)) (/usr/local/texlive/2021/texmf-dist/tex/latex/base/inputenc.sty
Package: inputenc 2020/08/01 v1.3d Input encoding file
\inpenc@prehook=\toks26
\inpenc@posthook=\toks27
) (/usr/local/texlive/2021/texmf-dist/tex/latex/amsfonts/amssymb.sty
Package: amssymb 2013/01/14 v3.01 AMS font symbols
) (/usr/local/texlive/2021/texmf-dist/tex/latex/url/url.sty
\Urlmuskip=\muskip17
Package: url 2013/09/16  ver 3.4  Verb mode for urls, etc.
) (/usr/local/texlive/2021/texmf-dist/tex/latex/graphics/color.sty
Package: color 2020/02/24 v1.2b Standard LaTeX Color (DPC)
 (/usr/local/texlive/2021/texmf-dist/tex/latex/graphics-cfg/color.cfg
File: color.cfg 2016/01/02 v1.6 sample color configuration
)
Package color Info: Driver file: pdftex.def on input line 147.
 (/usr/local/texlive/2021/texmf-dist/tex/latex/graphics-def/pdftex.def
File: pdftex.def 2020/10/05 v1.2a Graphics/color driver for pdftex
) (/usr/local/texlive/2021/texmf-dist/tex/latex/graphics/dvipsnam.def
File: dvipsnam.def 2016/06/17 v3.0m Driver-dependent file (DPC,SPQR)
)) (/usr/local/texlive/2021/texmf-dist/tex/latex/tools/verbatim.sty
Package: verbatim 2020-07-07 v1.5u LaTeX2e package for verbatim enhancements
\every@verbatim=\toks28
\verbatim@line=\toks29
\verbatim@in@stream=\read3
) (/usr/local/texlive/2021/texmf-dist/tex/latex/graphics/graphicx.sty
Package: graphicx 2020/09/09 v1.2b Enhanced LaTeX Graphics (DPC,SPQR)
 (/usr/local/texlive/2021/texmf-dist/tex/latex/graphics/keyval.sty
Package: keyval 2014/10/28 v1.15 key=value parser (DPC)
\KV@toks@=\toks30
) (/usr/local/texlive/2021/texmf-dist/tex/latex/graphics/graphics.sty
Package: graphics 2020/08/30 v1.4c Standard LaTeX Graphics (DPC,SPQR)
 (/usr/local/texlive/2021/texmf-dist/tex/latex/graphics/trig.sty
Package: trig 2016/01/03 v1.10 sin cos tan (DPC)
) (/usr/local/texlive/2021/texmf-dist/tex/latex/graphics-cfg/graphics.cfg
File: graphics.cfg 2016/06/04 v1.11 sample graphics configuration
)
Package graphics Info: Driver file: pdftex.def on input line 105.
)
\Gin@req@height=\dimen151
\Gin@req@width=\dimen152
)
\c@definicija=\count268
\odstavek=\skip57
 (/usr/local/texlive/2021/texmf-dist/tex/latex/l3backend/l3backend-pdftex.def
File: l3backend-pdftex.def 2021-03-18 L3 backend support: PDF output (pdfTeX)
\l__color_backend_stack_int=\count269
\l__pdf_internal_box=\box50
) (/Users/janzaloznik/Desktop/Faks/magisterij/1.letnik/GEN-I/machine-learning-price-prediction-for-hourly-blocks/Dolgo poročilo/Dolgo_poročilo.aux)
\openout1 = `Dolgo_poročilo.aux'.

LaTeX Font Info:    Checking defaults for OML/cmm/m/it on input line 71.
LaTeX Font Info:    ... okay on input line 71.
LaTeX Font Info:    Checking defaults for OMS/cmsy/m/n on input line 71.
LaTeX Font Info:    ... okay on input line 71.
LaTeX Font Info:    Checking defaults for OT1/cmr/m/n on input line 71.
LaTeX Font Info:    ... okay on input line 71.
LaTeX Font Info:    Checking defaults for T1/cmr/m/n on input line 71.
LaTeX Font Info:    ... okay on input line 71.
LaTeX Font Info:    Checking defaults for TS1/cmr/m/n on input line 71.
LaTeX Font Info:    ... okay on input line 71.
LaTeX Font Info:    Checking defaults for OMX/cmex/m/n on input line 71.
LaTeX Font Info:    ... okay on input line 71.
LaTeX Font Info:    Checking defaults for U/cmr/m/n on input line 71.
LaTeX Font Info:    ... okay on input line 71.
LaTeX Font Info:    Trying to load font information for U+msa on input line 71.
 (/usr/local/texlive/2021/texmf-dist/tex/latex/amsfonts/umsa.fd
File: umsa.fd 2013/01/14 v3.01 AMS symbols A
)
LaTeX Font Info:    Trying to load font information for U+msb on input line 71.
 (/usr/local/texlive/2021/texmf-dist/tex/latex/amsfonts/umsb.fd
File: umsb.fd 2013/01/14 v3.01 AMS symbols B
) (/usr/local/texlive/2021/texmf-dist/tex/context/base/mkii/supp-pdf.mkii
[Loading MPS to PDF converter (version 2006.09.02).]
\scratchcounter=\count270
\scratchdimen=\dimen153
\scratchbox=\box51
\nofMPsegments=\count271
\nofMParguments=\count272
\everyMPshowfont=\toks31
\MPscratchCnt=\count273
\MPscratchDim=\dimen154
\MPnumerator=\count274
\makeMPintoPDFobject=\count275
\everyMPtoPDFconversion=\toks32
) (/usr/local/texlive/2021/texmf-dist/tex/latex/epstopdf-pkg/epstopdf-base.sty
Package: epstopdf-base 2020-01-24 v2.11 Base part for package epstopdf
Package epstopdf-base Info: Redefining graphics rule for `.eps' on input line 485.
 (/usr/local/texlive/2021/texmf-dist/tex/latex/latexconfig/epstopdf-sys.cfg
File: epstopdf-sys.cfg 2010/07/13 v1.3 Configuration of (r)epstopdf for TeX Live
))
Underfull \hbox (badness 10000) in paragraph at lines 75--81

 []

[1{/usr/local/texlive/2021/texmf-var/fonts/map/pdftex/updmap/pdftex.map}] (/Users/janzaloznik/Desktop/Faks/magisterij/1.letnik/GEN-I/machine-learning-price-prediction-for-hourly-blocks/Dolgo poročilo/Dolgo_poročilo.toc)
\tf@toc=\write3
\openout3 = `Dolgo_poročilo.toc'.

 (/Users/janzaloznik/Desktop/Faks/magisterij/1.letnik/GEN-I/machine-learning-price-prediction-for-hourly-blocks/Dolgo poročilo/Dolgo_poročilo.lof)
\tf@lof=\write4
\openout4 = `Dolgo_poročilo.lof'.


Underfull \vbox (badness 10000) has occurred while \output is active []

 [2] [3]
<curve.png, id=17, 304.88907pt x 236.38312pt>
File: curve.png Graphic file (type png)
<use curve.png>
Package pdftex.def Info: curve.png  used on input line 134.
(pdftex.def)             Requested size: 228.66623pt x 177.2869pt.
 [4 </Users/janzaloznik/Desktop/Faks/magisterij/1.letnik/GEN-I/machine-learning-price-prediction-for-hourly-blocks/Dolgo poročilo/curve.png>]
<porazdelitev_germany_2021.png, id=21, 709.65125pt x 424.58624pt>
File: porazdelitev_germany_2021.png Graphic file (type png)
<use porazdelitev_germany_2021.png>
Package pdftex.def Info: porazdelitev_germany_2021.png  used on input line 172.
(pdftex.def)             Requested size: 354.82475pt x 212.2926pt.


LaTeX Warning: `h' float specifier changed to `ht'.

[5]
<wind_2016.png, id=26, 1132.23pt x 689.57625pt>
File: wind_2016.png Graphic file (type png)
<use wind_2016.png>
Package pdftex.def Info: wind_2016.png  used on input line 201.
(pdftex.def)             Requested size: 396.28644pt x 241.3553pt.


LaTeX Warning: `h' float specifier changed to `ht'.

<solar_2016.png, id=27, 1063.975pt x 703.62875pt>
File: solar_2016.png Graphic file (type png)
<use solar_2016.png>
Package pdftex.def Info: solar_2016.png  used on input line 208.
(pdftex.def)             Requested size: 372.39684pt x 246.27374pt.

LaTeX Warning: `h' float specifier changed to `ht'.

[6 </Users/janzaloznik/Desktop/Faks/magisterij/1.letnik/GEN-I/machine-learning-price-prediction-for-hourly-blocks/Dolgo poročilo/porazdelitev_germany_2021.png>] [7 </Users/janzaloznik/Desktop/Faks/magisterij/1.letnik/GEN-I/machine-learning-price-prediction-for-hourly-blocks/Dolgo poročilo/wind_2016.png> </Users/janzaloznik/Desktop/Faks/magisterij/1.letnik/GEN-I/machine-learning-price-prediction-for-hourly-blocks/Dolgo poročilo/solar_2016.png>] [8]
<Arima.png, id=42, 873.0216pt x 430.7292pt>
File: Arima.png Graphic file (type png)
<use Arima.png>
Package pdftex.def Info: Arima.png  used on input line 284.
(pdftex.def)             Requested size: 392.8561pt x 193.82634pt.
<Prediciton_intraday.png, id=43, 1137.24875pt x 508.90125pt>
File: Prediciton_intraday.png Graphic file (type png)
<use Prediciton_intraday.png>
Package pdftex.def Info: Prediciton_intraday.png  used on input line 296.
(pdftex.def)             Requested size: 398.04303pt x 178.1181pt.


LaTeX Warning: `h' float specifier changed to `ht'.


LaTeX Warning: No positions in optional float specifier.
               Default added (so using `tbp') on input line 310.

[9 </Users/janzaloznik/Desktop/Faks/magisterij/1.letnik/GEN-I/machine-learning-price-prediction-for-hourly-blocks/Dolgo poročilo/Arima.png>]

LaTeX Warning: No positions in optional float specifier.
               Default added (so using `tbp') on input line 329.

[10 </Users/janzaloznik/Desktop/Faks/magisterij/1.letnik/GEN-I/machine-learning-price-prediction-for-hourly-blocks/Dolgo poročilo/Prediciton_intraday.png>] [11] (/Users/janzaloznik/Desktop/Faks/magisterij/1.letnik/GEN-I/machine-learning-price-prediction-for-hourly-blocks/Dolgo poročilo/Dolgo_poročilo.aux) ) 
Here is how much of TeX's memory you used:
 3967 strings out of 478994
 54476 string characters out of 5858185
 386658 words of memory out of 5000000
 21249 multiletter control sequences out of 15000+600000
 408527 words of font info for 47 fonts, out of 8000000 for 9000
 1302 hyphenation exceptions out of 8191
 82i,9n,88p,681b,201s stack positions out of 5000i,500n,10000p,200000b,80000s
</usr/local/texlive/2021/texmf-dist/fonts/type1/public/amsfonts/cm/cmbx12.pfb></usr/local/texlive/2021/texmf-dist/fonts/type1/public/amsfonts/cm/cmcsc10.pfb></usr/local/texlive/2021/texmf-dist/fonts/type1/public/amsfonts/cm/cmmi12.pfb></usr/local/texlive/2021/texmf-dist/fonts/type1/public/amsfonts/cm/cmr12.pfb></usr/local/texlive/2021/texmf-dist/fonts/type1/public/amsfonts/cm/cmr9.pfb></usr/local/texlive/2021/texmf-dist/fonts/type1/public/amsfonts/cm/cmti12.pfb>
Output written on "/Users/janzaloznik/Desktop/Faks/magisterij/1.letnik/GEN-I/machine-learning-price-prediction-for-hourly-blocks/Dolgo poročilo/Dolgo_poročilo.pdf" (11 pages, 3740309 bytes).
PDF statistics:
 76 PDF objects out of 1000 (max. 8388607)
 45 compressed objects within 1 object stream
 0 named destinations out of 1000 (max. 500000)
 31 words of extra memory for PDF output out of 10000 (max. 10000000)

